<?xml version="1.0" encoding="UTF-8"?>
<!-- Generated by org.testng.reporters.JUnitReportReporter -->
<testsuite skipped="0" hostname="LAPTOP-UHFNO702" name="test.NotepadTest" tests="2" failures="0" timestamp="2021-04-05T19:23:42 EDT" time="12.621" errors="0">
  <testcase name="checkHelpAboutNowTest" time="3.108" classname="test.NotepadTest"/>
  <system-out/>
  <testcase name="enterTextInNotePad" time="9.513" classname="test.NotepadTest"/>
  <system-out/>
</testsuite> <!-- test.NotepadTest -->
